2026/05/08 08:29:51 вң… еүҚз«ҜйқҷжҖҒж–Үд»¶е·ІеөҢе…ҘдәҢиҝӣеҲ¶ (go:embed web/dist)

    в•”в•җв•җв•җв•җв•җв•җв•җв•җв•җв•җв•җв•җв•җв•җв•җв•җв•җв•җв•җв•җв•җв•җв•җв•җв•җв•җв•җв•җв•җв•җв•җв•җв•җв•җв•җв•җв•җв•җв•җв•җв•җв•җв•җв•җв•җв•җв•җв•җв•җв•җв•җв•җв•җв•җв•җв•җв•җв•җв•җв•җв•җв•җв•җв•—
    в•‘                                                               в•‘
    в•‘      ___   _   _      ____                                     в•‘
    в•‘     / _ \ | \ | |    / ___|  ___  _ __   ___                   в•‘
    в•‘    / /_\ \|  \| |___| |  _  / _ \| '_ \ / _ \                  в•‘
    в•‘   / _____ \ |\  |___| |_| || (_) | | | | (_) |                 в•‘
    в•‘  /_/     \_\_| \_|    \____| \___/|_| |_|\___/                  в•‘
    в•‘                                                               в•‘
    в•‘       е…ЁиҮӘеҠЁз•Әеү§иҝҪз•ӘдёӢиҪҪз®ЎзҗҶзі»з»ҹ                                 в•‘
    в•‘       Auto Anime Subscription & Download Manager               в•‘
    в•‘                                                               в•‘
    в•ҡв•җв•җв•җв•җв•җв•җв•җв•җв•җв•җв•җв•җв•җв•җв•җв•җв•җв•җв•җв•җв•җв•җв•җв•җв•җв•җв•җв•җв•җв•җв•җв•җв•җв•җв•җв•җв•җв•җв•җв•җв•җв•җв•җв•җв•җв•җв•җв•җв•җв•җв•җв•җв•җв•җв•җв•җв•җв•җв•җв•җв•җв•җв•җв•қ
  Version: dev | Port: 20001 | GitHub: github.com/xiaoyueRX/Ani-Go

2026/05/08 08:29:51 й…ҚзҪ®еҠ иҪҪе®ҢжҲҗ | з«ҜеҸЈ: 20001 | ж•°жҚ®еә“: ani-go.db
2026/05/08 08:29:51 вң… JWT еҠЁжҖҒеҜҶй’Ҙе·Із”ҹжҲҗ (crypto/rand 32B)
2026/05/08 08:29:51 вң… ж•°жҚ®еә“еҲқе§ӢеҢ–е®ҢжҲҗ: ani-go.db
в”Ғв”Ғв”Ғв”Ғв”Ғв”Ғв”Ғв”Ғв”Ғв”Ғв”Ғв”Ғв”Ғв”Ғв”Ғв”Ғв”Ғ еҪ“еүҚй…ҚзҪ® в”Ғв”Ғв”Ғв”Ғв”Ғв”Ғв”Ғв”Ғв”Ғв”Ғв”Ғв”Ғв”Ғв”Ғв”Ғв”Ғв”Ғ
вҡ пёҸ  Mikan дёӘдәә RSS: жңӘй…ҚзҪ®
   и®ҫзҪ®ж–№жі•: export MIKAN_RSS_URL="https://mikanani.me/RSS/MyBangumi?token=YOUR_TOKEN"
вҡ пёҸ  qBittorrent: жңӘй…ҚзҪ®
   з•Әеү§зӣ®еҪ•: ./TV/з•Әеү§
   RSS й—ҙйҡ”: 30m0s | ж•ҙзҗҶй—ҙйҡ”: 2m0s
в”Ғв”Ғв”Ғв”Ғв”Ғв”Ғв”Ғв”Ғв”Ғв”Ғв”Ғв”Ғв”Ғв”Ғв”Ғв”Ғв”Ғв”Ғв”Ғв”Ғв”Ғв”Ғв”Ғв”Ғв”Ғв”Ғв”Ғв”Ғв”Ғв”Ғв”Ғв”Ғв”Ғв”Ғв”Ғв”Ғв”Ғв”Ғв”Ғв”Ғв”Ғв”Ғв”Ғ
2026/05/08 08:29:51 вң… дәӢд»¶жҖ»зәҝе·ІеҲқе§ӢеҢ–

2026/05/08 08:29:51 [31;1m/root/x/Ani-Go/main.go:73 [35;1mrecord not found
[0m[33m[0.045ms] [34;1m[rows:0][0m SELECT * FROM `settings` WHERE key = "custom_regex_0" ORDER BY `settings`.`key` LIMIT 1
2026/05/08 08:29:51 вң… Mikan иө„жәҗжәҗе·Іе°ұз»Ә (еҹҹеҗҚ: mikanime.tv, й•ңеғҸ: 3 дёӘ)
2026/05/08 08:29:51 рҹ“Ў MultiSource е·ІиҒҡеҗҲ 1 дёӘиө„жәҗз«ҷ: [Mikan]
2026/05/08 08:29:51 в„№пёҸ  жңӘеҗҜз”ЁйўқеӨ–иө„жәҗз«ҷпјҲд»…дҪҝз”Ё Mikanпјү
2026/05/08 08:29:51 вҡ пёҸ  qBittorrent жңӘй…ҚзҪ®пјҢдёӢиҪҪеҠҹиғҪдёҚеҸҜз”Ё
2026/05/08 08:29:51 вң… ж–Үд»¶ж•ҙзҗҶеҷЁе·Іе°ұз»Ә
2026/05/08 08:29:51 в„№пёҸ  AI жЁЎеқ—жңӘеҗҜз”ЁпјҢж ёеҝғеҠҹиғҪдёҚеҸ—еҪұе“Қ

2026/05/08 08:29:51 [31;1m/root/x/Ani-Go/internal/plugin/manager.go:71 [35;1mrecord not found
[0m[33m[0.043ms] [34;1m[rows:0][0m SELECT * FROM `settings` WHERE key = "plugin_0" ORDER BY `settings`.`key` LIMIT 1

2026/05/08 08:29:51 [31;1m/root/x/Ani-Go/internal/plugin/manager.go:71 [35;1mrecord not found
[0m[33m[0.045ms] [34;1m[rows:0][0m SELECT * FROM `settings` WHERE key = "plugin_1" ORDER BY `settings`.`key` LIMIT 1

2026/05/08 08:29:51 [31;1m/root/x/Ani-Go/internal/plugin/manager.go:71 [35;1mrecord not found
[0m[33m[0.037ms] [34;1m[rows:0][0m SELECT * FROM `settings` WHERE key = "plugin_2" ORDER BY `settings`.`key` LIMIT 1

2026/05/08 08:29:51 [31;1m/root/x/Ani-Go/internal/plugin/manager.go:71 [35;1mrecord not found
[0m[33m[0.037ms] [34;1m[rows:0][0m SELECT * FROM `settings` WHERE key = "plugin_3" ORDER BY `settings`.`key` LIMIT 1

2026/05/08 08:29:51 [31;1m/root/x/Ani-Go/internal/plugin/manager.go:71 [35;1mrecord not found
[0m[33m[0.036ms] [34;1m[rows:0][0m SELECT * FROM `settings` WHERE key = "plugin_4" ORDER BY `settings`.`key` LIMIT 1

2026/05/08 08:29:51 [31;1m/root/x/Ani-Go/internal/plugin/manager.go:71 [35;1mrecord not found
[0m[33m[0.038ms] [34;1m[rows:0][0m SELECT * FROM `settings` WHERE key = "plugin_5" ORDER BY `settings`.`key` LIMIT 1

2026/05/08 08:29:51 [31;1m/root/x/Ani-Go/internal/plugin/manager.go:71 [35;1mrecord not found
[0m[33m[0.036ms] [34;1m[rows:0][0m SELECT * FROM `settings` WHERE key = "plugin_6" ORDER BY `settings`.`key` LIMIT 1

2026/05/08 08:29:51 [31;1m/root/x/Ani-Go/internal/plugin/manager.go:71 [35;1mrecord not found
[0m[33m[0.037ms] [34;1m[rows:0][0m SELECT * FROM `settings` WHERE key = "plugin_7" ORDER BY `settings`.`key` LIMIT 1

2026/05/08 08:29:51 [31;1m/root/x/Ani-Go/internal/plugin/manager.go:71 [35;1mrecord not found
[0m[33m[0.037ms] [34;1m[rows:0][0m SELECT * FROM `settings` WHERE key = "plugin_8" ORDER BY `settings`.`key` LIMIT 1

2026/05/08 08:29:51 [31;1m/root/x/Ani-Go/internal/plugin/manager.go:71 [35;1mrecord not found
[0m[33m[0.046ms] [34;1m[rows:0][0m SELECT * FROM `settings` WHERE key = "plugin_9" ORDER BY `settings`.`key` LIMIT 1

2026/05/08 08:29:51 [31;1m/root/x/Ani-Go/internal/plugin/manager.go:71 [35;1mrecord not found
[0m[33m[0.036ms] [34;1m[rows:0][0m SELECT * FROM `settings` WHERE key = "plugin_10" ORDER BY `settings`.`key` LIMIT 1

2026/05/08 08:29:51 [31;1m/root/x/Ani-Go/internal/plugin/manager.go:71 [35;1mrecord not found
[0m[33m[0.037ms] [34;1m[rows:0][0m SELECT * FROM `settings` WHERE key = "plugin_11" ORDER BY `settings`.`key` LIMIT 1

2026/05/08 08:29:51 [31;1m/root/x/Ani-Go/internal/plugin/manager.go:71 [35;1mrecord not found
[0m[33m[0.036ms] [34;1m[rows:0][0m SELECT * FROM `settings` WHERE key = "plugin_12" ORDER BY `settings`.`key` LIMIT 1

2026/05/08 08:29:51 [31;1m/root/x/Ani-Go/internal/plugin/manager.go:71 [35;1mrecord not found
[0m[33m[0.038ms] [34;1m[rows:0][0m SELECT * FROM `settings` WHERE key = "plugin_13" ORDER BY `settings`.`key` LIMIT 1

2026/05/08 08:29:51 [31;1m/root/x/Ani-Go/internal/plugin/manager.go:71 [35;1mrecord not found
[0m[33m[0.037ms] [34;1m[rows:0][0m SELECT * FROM `settings` WHERE key = "plugin_14" ORDER BY `settings`.`key` LIMIT 1

2026/05/08 08:29:51 [31;1m/root/x/Ani-Go/internal/plugin/manager.go:71 [35;1mrecord not found
[0m[33m[0.036ms] [34;1m[rows:0][0m SELECT * FROM `settings` WHERE key = "plugin_15" ORDER BY `settings`.`key` LIMIT 1

2026/05/08 08:29:51 [31;1m/root/x/Ani-Go/internal/plugin/manager.go:71 [35;1mrecord not found
[0m[33m[0.037ms] [34;1m[rows:0][0m SELECT * FROM `settings` WHERE key = "plugin_16" ORDER BY `settings`.`key` LIMIT 1

2026/05/08 08:29:51 [31;1m/root/x/Ani-Go/internal/plugin/manager.go:71 [35;1mrecord not found
[0m[33m[0.036ms] [34;1m[rows:0][0m SELECT * FROM `settings` WHERE key = "plugin_17" ORDER BY `settings`.`key` LIMIT 1

2026/05/08 08:29:51 [31;1m/root/x/Ani-Go/internal/plugin/manager.go:71 [35;1mrecord not found
[0m[33m[0.050ms] [34;1m[rows:0][0m SELECT * FROM `settings` WHERE key = "plugin_18" ORDER BY `settings`.`key` LIMIT 1

2026/05/08 08:29:51 [31;1m/root/x/Ani-Go/internal/plugin/manager.go:71 [35;1mrecord not found
[0m[33m[0.042ms] [34;1m[rows:0][0m SELECT * FROM `settings` WHERE key = "plugin_19" ORDER BY `settings`.`key` LIMIT 1
2026/05/08 08:29:51 в„№пёҸ  жңӘеҗҜз”ЁйҖҡзҹҘжё йҒ“
2026/05/08 08:29:51 рҹ§  д»»еҠЎи§ЈжһҗеҷЁе·Іе°ұз»ӘпјҲд»…жӯЈеҲҷжЁЎејҸпјү
2026/05/08 08:29:51 вң… еүҚз«ҜйқҷжҖҒж–Үд»¶еӨ„зҗҶеҷЁе·ІжҢӮиҪҪпјҲйқһ /api/* и·Ҝеҫ„ вҶ’ SPA еӣһйҖҖпјү

в”Ғв”Ғв”Ғв”Ғв”Ғв”Ғв”Ғв”Ғв”Ғв”Ғв”Ғв”Ғв”Ғв”Ғв”Ғв”Ғв”Ғв”Ғв”Ғв”Ғв”Ғв”Ғв”Ғв”Ғв”Ғв”Ғв”Ғв”Ғв”Ғв”Ғв”Ғв”Ғв”Ғв”Ғв”Ғв”Ғв”Ғв”Ғв”Ғв”Ғв”Ғв”Ғв”Ғ
вң… Ani-Go еҗҜеҠЁжҲҗеҠҹ вҖ” Phase 3 е…Ёж Ҳеј•ж“ҺиҝҗиЎҢдёӯ
   Web UI: http://0.0.0.0:20001
   API: http://0.0.0.0:20001/api/login
   й»ҳи®ӨиҙҰеҸ·: admin / admin
   еүҚз«Ҝе·ІеөҢе…ҘдәҢиҝӣеҲ¶ (go:embed) | еҚ•ж–Үд»¶йғЁзҪІ
   е®ҡж—¶д»»еҠЎ: RSS иҪ®иҜў | ж–Үд»¶ж•ҙзҗҶ
   жҢү Ctrl+C йҖҖеҮә
в”Ғв”Ғв”Ғв”Ғв”Ғв”Ғв”Ғв”Ғв”Ғв”Ғв”Ғв”Ғв”Ғв”Ғв”Ғв”Ғв”Ғв”Ғв”Ғв”Ғв”Ғв”Ғв”Ғв”Ғв”Ғв”Ғв”Ғв”Ғв”Ғв”Ғв”Ғв”Ғв”Ғв”Ғв”Ғв”Ғв”Ғв”Ғв”Ғв”Ғв”Ғв”Ғв”Ғ
2026/05/08 08:29:51 рҹҢҗ HTTP жңҚеҠЎеҗҜеҠЁ: http://0.0.0.0:20001
2026/05/08 08:29:51    API ж–ҮжЎЈ: http://0.0.0.0:20001/api/login (POST)
2026/05/08 08:29:51 вҸ° и°ғеәҰеҷЁе·ІеҗҜеҠЁ
2026/05/08 08:29:51 вҡ пёҸ  Mikan RSS URL жңӘй…ҚзҪ®пјҢи·іиҝҮ RSS иҪ®иҜў
2026/05/08 08:29:53 рҹ“Ў жӯЈеңЁжөӢйҖҹ Mikan й•ңеғҸ...
2026/05/08 08:29:54   вң… mikanime.tv: 852ms
2026/05/08 08:29:54 вң… еҪ“еүҚй•ңеғҸ mikanime.tv иЎЁзҺ°жңҖдҪі
2026/05/08 08:30:01 вқҢ иҺ·еҸ–дёӢиҪҪеҲ—иЎЁеӨұиҙҘ: зҷ»еҪ•иҜ·жұӮеӨұиҙҘ: Post "http://localhost:8081/api/v2/auth/login": dial tcp [::1]:8081: connect: connection refused
2026/05/08 08:30:11 вқҢ иҺ·еҸ–дёӢиҪҪеҲ—иЎЁеӨұиҙҘ: зҷ»еҪ•иҜ·жұӮеӨұиҙҘ: Post "http://localhost:8081/api/v2/auth/login": dial tcp [::1]:8081: connect: connection refused
2026/05/08 08:30:21 рҹ”Қ ејҖе§ӢиЎҘе…Ёжү«жҸҸ...
2026/05/08 08:30:21 вң… иЎҘе…Ёжү«жҸҸе®ҢжҲҗ: ж— йңҖиЎҘе…Ёзҡ„и®ўйҳ…
2026/05/08 08:30:21 вқҢ иҺ·еҸ–дёӢиҪҪеҲ—иЎЁеӨұиҙҘ: зҷ»еҪ•иҜ·жұӮеӨұиҙҘ: Post "http://localhost:8081/api/v2/auth/login": dial tcp [::1]:8081: connect: connection refused
2026/05/08 08:30:31 вқҢ иҺ·еҸ–дёӢиҪҪеҲ—иЎЁеӨұиҙҘ: зҷ»еҪ•иҜ·жұӮеӨұиҙҘ: Post "http://localhost:8081/api/v2/auth/login": dial tcp [::1]:8081: connect: connection refused
2026/05/08 08:30:41 вқҢ иҺ·еҸ–дёӢиҪҪеҲ—иЎЁеӨұиҙҘ: зҷ»еҪ•иҜ·жұӮеӨұиҙҘ: Post "http://localhost:8081/api/v2/auth/login": dial tcp [::1]:8081: connect: connection refused
2026/05/08 08:30:51 вқҢ иҺ·еҸ–дёӢиҪҪеҲ—иЎЁеӨұиҙҘ: зҷ»еҪ•иҜ·жұӮеӨұиҙҘ: Post "http://localhost:8081/api/v2/auth/login": dial tcp [::1]:8081: connect: connection refused
2026/05/08 08:31:01 вқҢ иҺ·еҸ–дёӢиҪҪеҲ—иЎЁеӨұиҙҘ: зҷ»еҪ•иҜ·жұӮеӨұиҙҘ: Post "http://localhost:8081/api/v2/auth/login": dial tcp [::1]:8081: connect: connection refused
2026/05/08 08:31:11 вқҢ иҺ·еҸ–дёӢиҪҪеҲ—иЎЁеӨұиҙҘ: зҷ»еҪ•иҜ·жұӮеӨұиҙҘ: Post "http://localhost:8081/api/v2/auth/login": dial tcp [::1]:8081: connect: connection refused
2026/05/08 08:31:21 вқҢ иҺ·еҸ–дёӢиҪҪеҲ—иЎЁеӨұиҙҘ: зҷ»еҪ•иҜ·жұӮеӨұиҙҘ: Post "http://localhost:8081/api/v2/auth/login": dial tcp [::1]:8081: connect: connection refused
2026/05/08 08:31:31 вқҢ иҺ·еҸ–дёӢиҪҪеҲ—иЎЁеӨұиҙҘ: зҷ»еҪ•иҜ·жұӮеӨұиҙҘ: Post "http://localhost:8081/api/v2/auth/login": dial tcp [::1]:8081: connect: connection refused
2026/05/08 08:31:41 вқҢ иҺ·еҸ–дёӢиҪҪеҲ—иЎЁеӨұиҙҘ: зҷ»еҪ•иҜ·жұӮеӨұиҙҘ: Post "http://localhost:8081/api/v2/auth/login": dial tcp [::1]:8081: connect: connection refused
2026/05/08 08:31:51 вқҢ иҺ·еҸ–дёӢиҪҪеҲ—иЎЁеӨұиҙҘ: зҷ»еҪ•иҜ·жұӮеӨұиҙҘ: Post "http://localhost:8081/api/v2/auth/login": dial tcp [::1]:8081: connect: connection refused
2026/05/08 08:32:01 вқҢ иҺ·еҸ–дёӢиҪҪеҲ—иЎЁеӨұиҙҘ: зҷ»еҪ•иҜ·жұӮеӨұиҙҘ: Post "http://localhost:8081/api/v2/auth/login": dial tcp [::1]:8081: connect: connection refused
2026/05/08 08:32:11 вқҢ иҺ·еҸ–дёӢиҪҪеҲ—иЎЁеӨұиҙҘ: зҷ»еҪ•иҜ·жұӮеӨұиҙҘ: Post "http://localhost:8081/api/v2/auth/login": dial tcp [::1]:8081: connect: connection refused
2026/05/08 08:32:21 вқҢ иҺ·еҸ–дёӢиҪҪеҲ—иЎЁеӨұиҙҘ: зҷ»еҪ•иҜ·жұӮеӨұиҙҘ: Post "http://localhost:8081/api/v2/auth/login": dial tcp [::1]:8081: connect: connection refused
2026/05/08 08:32:31 вқҢ иҺ·еҸ–дёӢиҪҪеҲ—иЎЁеӨұиҙҘ: зҷ»еҪ•иҜ·жұӮеӨұиҙҘ: Post "http://localhost:8081/api/v2/auth/login": dial tcp [::1]:8081: connect: connection refused
2026/05/08 08:32:41 вқҢ иҺ·еҸ–дёӢиҪҪеҲ—иЎЁеӨұиҙҘ: зҷ»еҪ•иҜ·жұӮеӨұиҙҘ: Post "http://localhost:8081/api/v2/auth/login": dial tcp [::1]:8081: connect: connection refused
2026/05/08 08:32:51 вқҢ иҺ·еҸ–дёӢиҪҪеҲ—иЎЁеӨұиҙҘ: зҷ»еҪ•иҜ·жұӮеӨұиҙҘ: Post "http://localhost:8081/api/v2/auth/login": dial tcp [::1]:8081: connect: connection refused
2026/05/08 08:33:01 вқҢ иҺ·еҸ–дёӢиҪҪеҲ—иЎЁеӨұиҙҘ: зҷ»еҪ•иҜ·жұӮеӨұиҙҘ: Post "http://localhost:8081/api/v2/auth/login": dial tcp [::1]:8081: connect: connection refused
2026/05/08 08:33:11 вқҢ иҺ·еҸ–дёӢиҪҪеҲ—иЎЁеӨұиҙҘ: зҷ»еҪ•иҜ·жұӮеӨұиҙҘ: Post "http://localhost:8081/api/v2/auth/login": dial tcp [::1]:8081: connect: connection refused
2026/05/08 08:33:21 вқҢ иҺ·еҸ–дёӢиҪҪеҲ—иЎЁеӨұиҙҘ: зҷ»еҪ•иҜ·жұӮеӨұиҙҘ: Post "http://localhost:8081/api/v2/auth/login": dial tcp [::1]:8081: connect: connection refused
2026/05/08 08:33:31 вқҢ иҺ·еҸ–дёӢиҪҪеҲ—иЎЁеӨұиҙҘ: зҷ»еҪ•иҜ·жұӮеӨұиҙҘ: Post "http://localhost:8081/api/v2/auth/login": dial tcp [::1]:8081: connect: connection refused
2026/05/08 08:33:41 вқҢ иҺ·еҸ–дёӢиҪҪеҲ—иЎЁеӨұиҙҘ: зҷ»еҪ•иҜ·жұӮеӨұиҙҘ: Post "http://localhost:8081/api/v2/auth/login": dial tcp [::1]:8081: connect: connection refused
2026/05/08 08:33:51 вқҢ иҺ·еҸ–дёӢиҪҪеҲ—иЎЁеӨұиҙҘ: зҷ»еҪ•иҜ·жұӮеӨұиҙҘ: Post "http://localhost:8081/api/v2/auth/login": dial tcp [::1]:8081: connect: connection refused
2026/05/08 08:34:01 вқҢ иҺ·еҸ–дёӢиҪҪеҲ—иЎЁеӨұиҙҘ: зҷ»еҪ•иҜ·жұӮеӨұиҙҘ: Post "http://localhost:8081/api/v2/auth/login": dial tcp [::1]:8081: connect: connection refused
2026/05/08 08:34:11 вқҢ иҺ·еҸ–дёӢиҪҪеҲ—иЎЁеӨұиҙҘ: зҷ»еҪ•иҜ·жұӮеӨұиҙҘ: Post "http://localhost:8081/api/v2/auth/login": dial tcp [::1]:8081: connect: connection refused
2026/05/08 08:34:21 вқҢ иҺ·еҸ–дёӢиҪҪеҲ—иЎЁеӨұиҙҘ: зҷ»еҪ•иҜ·жұӮеӨұиҙҘ: Post "http://localhost:8081/api/v2/auth/login": dial tcp [::1]:8081: connect: connection refused
2026/05/08 08:34:31 вқҢ иҺ·еҸ–дёӢиҪҪеҲ—иЎЁеӨұиҙҘ: зҷ»еҪ•иҜ·жұӮеӨұиҙҘ: Post "http://localhost:8081/api/v2/auth/login": dial tcp [::1]:8081: connect: connection refused
2026/05/08 08:34:41 вқҢ иҺ·еҸ–дёӢиҪҪеҲ—иЎЁеӨұиҙҘ: зҷ»еҪ•иҜ·жұӮеӨұиҙҘ: Post "http://localhost:8081/api/v2/auth/login": dial tcp [::1]:8081: connect: connection refused
2026/05/08 08:34:51 вқҢ иҺ·еҸ–дёӢиҪҪеҲ—иЎЁеӨұиҙҘ: зҷ»еҪ•иҜ·жұӮеӨұиҙҘ: Post "http://localhost:8081/api/v2/auth/login": dial tcp [::1]:8081: connect: connection refused
2026/05/08 08:35:01 вқҢ иҺ·еҸ–дёӢиҪҪеҲ—иЎЁеӨұиҙҘ: зҷ»еҪ•иҜ·жұӮеӨұиҙҘ: Post "http://localhost:8081/api/v2/auth/login": dial tcp [::1]:8081: connect: connection refused
2026/05/08 08:35:11 вқҢ иҺ·еҸ–дёӢиҪҪеҲ—иЎЁеӨұиҙҘ: зҷ»еҪ•иҜ·жұӮеӨұиҙҘ: Post "http://localhost:8081/api/v2/auth/login": dial tcp [::1]:8081: connect: connection refused
2026/05/08 08:35:21 вқҢ иҺ·еҸ–дёӢиҪҪеҲ—иЎЁеӨұиҙҘ: зҷ»еҪ•иҜ·жұӮеӨұиҙҘ: Post "http://localhost:8081/api/v2/auth/login": dial tcp [::1]:8081: connect: connection refused
2026/05/08 08:35:31 вқҢ иҺ·еҸ–дёӢиҪҪеҲ—иЎЁеӨұиҙҘ: зҷ»еҪ•иҜ·жұӮеӨұиҙҘ: Post "http://localhost:8081/api/v2/auth/login": dial tcp [::1]:8081: connect: connection refused
2026/05/08 08:35:41 вқҢ иҺ·еҸ–дёӢиҪҪеҲ—иЎЁеӨұиҙҘ: зҷ»еҪ•иҜ·жұӮеӨұиҙҘ: Post "http://localhost:8081/api/v2/auth/login": dial tcp [::1]:8081: connect: connection refused
2026/05/08 08:35:51 вқҢ иҺ·еҸ–дёӢиҪҪеҲ—иЎЁеӨұиҙҘ: зҷ»еҪ•иҜ·жұӮеӨұиҙҘ: Post "http://localhost:8081/api/v2/auth/login": dial tcp [::1]:8081: connect: connection refused
2026/05/08 08:35:56 вҡ пёҸ  JWT ж ЎйӘҢеӨұиҙҘ: token signature is invalid: signature is invalid (жқҘжәҗ: 240e:41d:4020:43b6:2820:52ff:fea7:30e3, 240e:41d:4020:43b6:2820:52ff:fea7:30e3)
2026/05/08 08:35:56 вҡ пёҸ  JWT ж ЎйӘҢеӨұиҙҘ: token signature is invalid: signature is invalid (жқҘжәҗ: 240e:41d:4020:43b6:2820:52ff:fea7:30e3, 240e:41d:4020:43b6:2820:52ff:fea7:30e3)
2026/05/08 08:36:01 вқҢ иҺ·еҸ–дёӢиҪҪеҲ—иЎЁеӨұиҙҘ: зҷ»еҪ•иҜ·жұӮеӨұиҙҘ: Post "http://localhost:8081/api/v2/auth/login": dial tcp [::1]:8081: connect: connection refused
2026/05/08 08:36:11 вқҢ иҺ·еҸ–дёӢиҪҪеҲ—иЎЁеӨұиҙҘ: зҷ»еҪ•иҜ·жұӮеӨұиҙҘ: Post "http://localhost:8081/api/v2/auth/login": dial tcp [::1]:8081: connect: connection refused
2026/05/08 08:36:21 вқҢ иҺ·еҸ–дёӢиҪҪеҲ—иЎЁеӨұиҙҘ: зҷ»еҪ•иҜ·жұӮеӨұиҙҘ: Post "http://localhost:8081/api/v2/auth/login": dial tcp [::1]:8081: connect: connection refused
2026/05/08 08:36:31 вқҢ иҺ·еҸ–дёӢиҪҪеҲ—иЎЁеӨұиҙҘ: зҷ»еҪ•иҜ·жұӮеӨұиҙҘ: Post "http://localhost:8081/api/v2/auth/login": dial tcp [::1]:8081: connect: connection refused
2026/05/08 08:36:41 вқҢ иҺ·еҸ–дёӢиҪҪеҲ—иЎЁеӨұиҙҘ: зҷ»еҪ•иҜ·жұӮеӨұиҙҘ: Post "http://localhost:8081/api/v2/auth/login": dial tcp [::1]:8081: connect: connection refused
2026/05/08 08:36:51 вқҢ иҺ·еҸ–дёӢиҪҪеҲ—иЎЁеӨұиҙҘ: зҷ»еҪ•иҜ·жұӮеӨұиҙҘ: Post "http://localhost:8081/api/v2/auth/login": dial tcp [::1]:8081: connect: connection refused
2026/05/08 08:37:01 вқҢ иҺ·еҸ–дёӢиҪҪеҲ—иЎЁеӨұиҙҘ: зҷ»еҪ•иҜ·жұӮеӨұиҙҘ: Post "http://localhost:8081/api/v2/auth/login": dial tcp [::1]:8081: connect: connection refused
2026/05/08 08:37:11 вқҢ иҺ·еҸ–дёӢиҪҪеҲ—иЎЁеӨұиҙҘ: зҷ»еҪ•иҜ·жұӮеӨұиҙҘ: Post "http://localhost:8081/api/v2/auth/login": dial tcp [::1]:8081: connect: connection refused
2026/05/08 08:37:21 вқҢ иҺ·еҸ–дёӢиҪҪеҲ—иЎЁеӨұиҙҘ: зҷ»еҪ•иҜ·жұӮеӨұиҙҘ: Post "http://localhost:8081/api/v2/auth/login": dial tcp [::1]:8081: connect: connection refused
2026/05/08 08:37:31 вқҢ иҺ·еҸ–дёӢиҪҪеҲ—иЎЁеӨұиҙҘ: зҷ»еҪ•иҜ·жұӮеӨұиҙҘ: Post "http://localhost:8081/api/v2/auth/login": dial tcp [::1]:8081: connect: connection refused
2026/05/08 08:37:41 вқҢ иҺ·еҸ–дёӢиҪҪеҲ—иЎЁеӨұиҙҘ: зҷ»еҪ•иҜ·жұӮеӨұиҙҘ: Post "http://localhost:8081/api/v2/auth/login": dial tcp [::1]:8081: connect: connection refused
2026/05/08 08:37:51 вқҢ иҺ·еҸ–дёӢиҪҪеҲ—иЎЁеӨұиҙҘ: зҷ»еҪ•иҜ·жұӮеӨұиҙҘ: Post "http://localhost:8081/api/v2/auth/login": dial tcp [::1]:8081: connect: connection refused
2026/05/08 08:38:01 вқҢ иҺ·еҸ–дёӢиҪҪеҲ—иЎЁеӨұиҙҘ: зҷ»еҪ•иҜ·жұӮеӨұиҙҘ: Post "http://localhost:8081/api/v2/auth/login": dial tcp [::1]:8081: connect: connection refused
2026/05/08 08:38:11 вқҢ иҺ·еҸ–дёӢиҪҪеҲ—иЎЁеӨұиҙҘ: зҷ»еҪ•иҜ·жұӮеӨұиҙҘ: Post "http://localhost:8081/api/v2/auth/login": dial tcp [::1]:8081: connect: connection refused
2026/05/08 08:38:21 вқҢ иҺ·еҸ–дёӢиҪҪеҲ—иЎЁеӨұиҙҘ: зҷ»еҪ•иҜ·жұӮеӨұиҙҘ: Post "http://localhost:8081/api/v2/auth/login": dial tcp [::1]:8081: connect: connection refused
2026/05/08 08:38:31 вқҢ иҺ·еҸ–дёӢиҪҪеҲ—иЎЁеӨұиҙҘ: зҷ»еҪ•иҜ·жұӮеӨұиҙҘ: Post "http://localhost:8081/api/v2/auth/login": dial tcp [::1]:8081: connect: connection refused
2026/05/08 08:38:41 вқҢ иҺ·еҸ–дёӢиҪҪеҲ—иЎЁеӨұиҙҘ: зҷ»еҪ•иҜ·жұӮеӨұиҙҘ: Post "http://localhost:8081/api/v2/auth/login": dial tcp [::1]:8081: connect: connection refused
2026/05/08 08:38:51 вқҢ иҺ·еҸ–дёӢиҪҪеҲ—иЎЁеӨұиҙҘ: зҷ»еҪ•иҜ·жұӮеӨұиҙҘ: Post "http://localhost:8081/api/v2/auth/login": dial tcp [::1]:8081: connect: connection refused
2026/05/08 08:39:01 вқҢ иҺ·еҸ–дёӢиҪҪеҲ—иЎЁеӨұиҙҘ: зҷ»еҪ•иҜ·жұӮеӨұиҙҘ: Post "http://localhost:8081/api/v2/auth/login": dial tcp [::1]:8081: connect: connection refused
2026/05/08 08:39:11 вқҢ иҺ·еҸ–дёӢиҪҪеҲ—иЎЁеӨұиҙҘ: зҷ»еҪ•иҜ·жұӮеӨұиҙҘ: Post "http://localhost:8081/api/v2/auth/login": dial tcp [::1]:8081: connect: connection refused
2026/05/08 08:39:21 вқҢ иҺ·еҸ–дёӢиҪҪеҲ—иЎЁеӨұиҙҘ: зҷ»еҪ•иҜ·жұӮеӨұиҙҘ: Post "http://localhost:8081/api/v2/auth/login": dial tcp [::1]:8081: connect: connection refused
2026/05/08 08:39:31 вқҢ иҺ·еҸ–дёӢиҪҪеҲ—иЎЁеӨұиҙҘ: зҷ»еҪ•иҜ·жұӮеӨұиҙҘ: Post "http://localhost:8081/api/v2/auth/login": dial tcp [::1]:8081: connect: connection refused
2026/05/08 08:39:41 вқҢ иҺ·еҸ–дёӢиҪҪеҲ—иЎЁеӨұиҙҘ: зҷ»еҪ•иҜ·жұӮеӨұиҙҘ: Post "http://localhost:8081/api/v2/auth/login": dial tcp [::1]:8081: connect: connection refused
2026/05/08 08:39:51 вқҢ иҺ·еҸ–дёӢиҪҪеҲ—иЎЁеӨұиҙҘ: зҷ»еҪ•иҜ·жұӮеӨұиҙҘ: Post "http://localhost:8081/api/v2/auth/login": dial tcp [::1]:8081: connect: connection refused
2026/05/08 08:40:01 вқҢ иҺ·еҸ–дёӢиҪҪеҲ—иЎЁеӨұиҙҘ: зҷ»еҪ•иҜ·жұӮеӨұиҙҘ: Post "http://localhost:8081/api/v2/auth/login": dial tcp [::1]:8081: connect: connection refused
2026/05/08 08:40:11 вқҢ иҺ·еҸ–дёӢиҪҪеҲ—иЎЁеӨұиҙҘ: зҷ»еҪ•иҜ·жұӮеӨұиҙҘ: Post "http://localhost:8081/api/v2/auth/login": dial tcp [::1]:8081: connect: connection refused
2026/05/08 08:40:21 вқҢ иҺ·еҸ–дёӢиҪҪеҲ—иЎЁеӨұиҙҘ: зҷ»еҪ•иҜ·жұӮеӨұиҙҘ: Post "http://localhost:8081/api/v2/auth/login": dial tcp [::1]:8081: connect: connection refused
2026/05/08 08:40:31 вқҢ иҺ·еҸ–дёӢиҪҪеҲ—иЎЁеӨұиҙҘ: зҷ»еҪ•иҜ·жұӮеӨұиҙҘ: Post "http://localhost:8081/api/v2/auth/login": dial tcp [::1]:8081: connect: connection refused
2026/05/08 08:40:41 вқҢ иҺ·еҸ–дёӢиҪҪеҲ—иЎЁеӨұиҙҘ: зҷ»еҪ•иҜ·жұӮеӨұиҙҘ: Post "http://localhost:8081/api/v2/auth/login": dial tcp [::1]:8081: connect: connection refused
2026/05/08 08:40:51 вқҢ иҺ·еҸ–дёӢиҪҪеҲ—иЎЁеӨұиҙҘ: зҷ»еҪ•иҜ·жұӮеӨұиҙҘ: Post "http://localhost:8081/api/v2/auth/login": dial tcp [::1]:8081: connect: connection refused
2026/05/08 08:41:01 вқҢ иҺ·еҸ–дёӢиҪҪеҲ—иЎЁеӨұиҙҘ: зҷ»еҪ•иҜ·жұӮеӨұиҙҘ: Post "http://localhost:8081/api/v2/auth/login": dial tcp [::1]:8081: connect: connection refused
2026/05/08 08:41:11 вқҢ иҺ·еҸ–дёӢиҪҪеҲ—иЎЁеӨұиҙҘ: зҷ»еҪ•иҜ·жұӮеӨұиҙҘ: Post "http://localhost:8081/api/v2/auth/login": dial tcp [::1]:8081: connect: connection refused
2026/05/08 08:41:21 вқҢ иҺ·еҸ–дёӢиҪҪеҲ—иЎЁеӨұиҙҘ: зҷ»еҪ•иҜ·жұӮеӨұиҙҘ: Post "http://localhost:8081/api/v2/auth/login": dial tcp [::1]:8081: connect: connection refused
2026/05/08 08:41:31 вқҢ иҺ·еҸ–дёӢиҪҪеҲ—иЎЁеӨұиҙҘ: зҷ»еҪ•иҜ·жұӮеӨұиҙҘ: Post "http://localhost:8081/api/v2/auth/login": dial tcp [::1]:8081: connect: connection refused
2026/05/08 08:41:41 вқҢ иҺ·еҸ–дёӢиҪҪеҲ—иЎЁеӨұиҙҘ: зҷ»еҪ•иҜ·жұӮеӨұиҙҘ: Post "http://localhost:8081/api/v2/auth/login": dial tcp [::1]:8081: connect: connection refused
2026/05/08 08:41:51 вқҢ иҺ·еҸ–дёӢиҪҪеҲ—иЎЁеӨұиҙҘ: зҷ»еҪ•иҜ·жұӮеӨұиҙҘ: Post "http://localhost:8081/api/v2/auth/login": dial tcp [::1]:8081: connect: connection refused
2026/05/08 08:42:01 вқҢ иҺ·еҸ–дёӢиҪҪеҲ—иЎЁеӨұиҙҘ: зҷ»еҪ•иҜ·жұӮеӨұиҙҘ: Post "http://localhost:8081/api/v2/auth/login": dial tcp [::1]:8081: connect: connection refused
2026/05/08 08:42:11 вқҢ иҺ·еҸ–дёӢиҪҪеҲ—иЎЁеӨұиҙҘ: зҷ»еҪ•иҜ·жұӮеӨұиҙҘ: Post "http://localhost:8081/api/v2/auth/login": dial tcp [::1]:8081: connect: connection refused
2026/05/08 08:42:21 вқҢ иҺ·еҸ–дёӢиҪҪеҲ—иЎЁеӨұиҙҘ: зҷ»еҪ•иҜ·жұӮеӨұиҙҘ: Post "http://localhost:8081/api/v2/auth/login": dial tcp [::1]:8081: connect: connection refused
2026/05/08 08:42:31 вқҢ иҺ·еҸ–дёӢиҪҪеҲ—иЎЁеӨұиҙҘ: зҷ»еҪ•иҜ·жұӮеӨұиҙҘ: Post "http://localhost:8081/api/v2/auth/login": dial tcp [::1]:8081: connect: connection refused
2026/05/08 08:42:41 вқҢ иҺ·еҸ–дёӢиҪҪеҲ—иЎЁеӨұиҙҘ: зҷ»еҪ•иҜ·жұӮеӨұиҙҘ: Post "http://localhost:8081/api/v2/auth/login": dial tcp [::1]:8081: connect: connection refused
2026/05/08 08:42:51 вқҢ иҺ·еҸ–дёӢиҪҪеҲ—иЎЁеӨұиҙҘ: зҷ»еҪ•иҜ·жұӮеӨұиҙҘ: Post "http://localhost:8081/api/v2/auth/login": dial tcp [::1]:8081: connect: connection refused
2026/05/08 08:43:01 вқҢ иҺ·еҸ–дёӢиҪҪеҲ—иЎЁеӨұиҙҘ: зҷ»еҪ•иҜ·жұӮеӨұиҙҘ: Post "http://localhost:8081/api/v2/auth/login": dial tcp [::1]:8081: connect: connection refused
2026/05/08 08:43:11 вқҢ иҺ·еҸ–дёӢиҪҪеҲ—иЎЁеӨұиҙҘ: зҷ»еҪ•иҜ·жұӮеӨұиҙҘ: Post "http://localhost:8081/api/v2/auth/login": dial tcp [::1]:8081: connect: connection refused
2026/05/08 08:43:16 вң… з”ЁжҲ· admin зҷ»еҪ•жҲҗеҠҹ
2026/05/08 08:43:17 рҹ”җ з”ЁжҲ· admin йҖҡиҝҮ API йүҙжқғ: GET /api/me
2026/05/08 08:43:17 рҹ”җ з”ЁжҲ· admin йҖҡиҝҮ API йүҙжқғ: GET /api/schedule
2026/05/08 08:43:21 вқҢ иҺ·еҸ–дёӢиҪҪеҲ—иЎЁеӨұиҙҘ: зҷ»еҪ•иҜ·жұӮеӨұиҙҘ: Post "http://localhost:8081/api/v2/auth/login": dial tcp [::1]:8081: connect: connection refused
2026/05/08 08:43:31 вқҢ иҺ·еҸ–дёӢиҪҪеҲ—иЎЁеӨұиҙҘ: зҷ»еҪ•иҜ·жұӮеӨұиҙҘ: Post "http://localhost:8081/api/v2/auth/login": dial tcp [::1]:8081: connect: connection refused
2026/05/08 08:43:40 рҹ”җ з”ЁжҲ· admin йҖҡиҝҮ API йүҙжқғ: GET /api/search
2026/05/08 08:43:40 рҹ“Ў MultiSource е·ІиҒҡеҗҲ 1 дёӘиө„жәҗз«ҷ: [Mikan]
2026/05/08 08:43:41 вқҢ иҺ·еҸ–дёӢиҪҪеҲ—иЎЁеӨұиҙҘ: зҷ»еҪ•иҜ·жұӮеӨұиҙҘ: Post "http://localhost:8081/api/v2/auth/login": dial tcp [::1]:8081: connect: connection refused
2026/05/08 08:43:41 рҹ”Қ жҗңзҙўе®ҢжҲҗ [е©ҡе§»еү§жҜ’]: жүҫеҲ° 1 дёӘз»“жһң
2026/05/08 08:43:45 рҹ”җ з”ЁжҲ· admin йҖҡиҝҮ API йүҙжқғ: GET /api/mikan/groups
2026/05/08 08:43:47 рҹ”җ з”ЁжҲ· admin йҖҡиҝҮ API йүҙжқғ: POST /api/subscriptions
2026/05/08 08:43:47 вң… е·ІеҲӣе»әи®ўйҳ…: е©ҡе§»еү§жҜ’ (ID=2)
2026/05/08 08:43:51 вқҢ иҺ·еҸ–дёӢиҪҪеҲ—иЎЁеӨұиҙҘ: зҷ»еҪ•иҜ·жұӮеӨұиҙҘ: Post "http://localhost:8081/api/v2/auth/login": dial tcp [::1]:8081: connect: connection refused
2026/05/08 08:43:51 рҹ”җ з”ЁжҲ· admin йҖҡиҝҮ API йүҙжқғ: GET /api/schedule
2026/05/08 08:43:58 рҹ”җ з”ЁжҲ· admin йҖҡиҝҮ API йүҙжқғ: GET /api/search
2026/05/08 08:43:58 рҹ“Ў MultiSource е·ІиҒҡеҗҲ 1 дёӘиө„жәҗз«ҷ: [Mikan]
2026/05/08 08:43:59 рҹ”Қ жҗңзҙўе®ҢжҲҗ [е©ҡе§»еү§жҜ’]: жүҫеҲ° 1 дёӘз»“жһң
2026/05/08 08:43:59 рҹ”җ з”ЁжҲ· admin йҖҡиҝҮ API йүҙжқғ: GET /api/schedule
2026/05/08 08:44:01 вқҢ иҺ·еҸ–дёӢиҪҪеҲ—иЎЁеӨұиҙҘ: зҷ»еҪ•иҜ·жұӮеӨұиҙҘ: Post "http://localhost:8081/api/v2/auth/login": dial tcp [::1]:8081: connect: connection refused
2026/05/08 08:44:11 вқҢ иҺ·еҸ–дёӢиҪҪеҲ—иЎЁеӨұиҙҘ: зҷ»еҪ•иҜ·жұӮеӨұиҙҘ: Post "http://localhost:8081/api/v2/auth/login": dial tcp [::1]:8081: connect: connection refused
2026/05/08 08:44:21 вқҢ иҺ·еҸ–дёӢиҪҪеҲ—иЎЁеӨұиҙҘ: зҷ»еҪ•иҜ·жұӮеӨұиҙҘ: Post "http://localhost:8081/api/v2/auth/login": dial tcp [::1]:8081: connect: connection refused
2026/05/08 08:44:31 вқҢ иҺ·еҸ–дёӢиҪҪеҲ—иЎЁеӨұиҙҘ: зҷ»еҪ•иҜ·жұӮеӨұиҙҘ: Post "http://localhost:8081/api/v2/auth/login": dial tcp [::1]:8081: connect: connection refused
2026/05/08 08:44:41 вқҢ иҺ·еҸ–дёӢиҪҪеҲ—иЎЁеӨұиҙҘ: зҷ»еҪ•иҜ·жұӮеӨұиҙҘ: Post "http://localhost:8081/api/v2/auth/login": dial tcp [::1]:8081: connect: connection refused
2026/05/08 08:44:51 вқҢ иҺ·еҸ–дёӢиҪҪеҲ—иЎЁеӨұиҙҘ: зҷ»еҪ•иҜ·жұӮеӨұиҙҘ: Post "http://localhost:8081/api/v2/auth/login": dial tcp [::1]:8081: connect: connection refused
2026/05/08 08:45:01 вқҢ иҺ·еҸ–дёӢиҪҪеҲ—иЎЁеӨұиҙҘ: зҷ»еҪ•иҜ·жұӮеӨұиҙҘ: Post "http://localhost:8081/api/v2/auth/login": dial tcp [::1]:8081: connect: connection refused
2026/05/08 08:45:11 вқҢ иҺ·еҸ–дёӢиҪҪеҲ—иЎЁеӨұиҙҘ: зҷ»еҪ•иҜ·жұӮеӨұиҙҘ: Post "http://localhost:8081/api/v2/auth/login": dial tcp [::1]:8081: connect: connection refused
2026/05/08 08:45:13 рҹ”җ з”ЁжҲ· admin йҖҡиҝҮ API йүҙжқғ: GET /api/search
2026/05/08 08:45:13 рҹ“Ў MultiSource е·ІиҒҡеҗҲ 1 дёӘиө„жәҗз«ҷ: [Mikan]
2026/05/08 08:45:14 рҹ”җ з”ЁжҲ· admin йҖҡиҝҮ API йүҙжқғ: GET /api/schedule
2026/05/08 08:45:14 рҹ”Қ жҗңзҙўе®ҢжҲҗ [е°–еёҪеӯҗзҡ„йӯ”жі•е·ҘжҲҝ]: жүҫеҲ° 1 дёӘз»“жһң
